c:\users\jakub\source\repos\dynablaster\dynablaster\x64\debug\vc142.pdb
c:\users\jakub\source\repos\dynablaster\dynablaster\x64\debug\vc142.idb
c:\users\jakub\source\repos\dynablaster\dynablaster\x64\debug\timeout.obj
c:\users\jakub\source\repos\dynablaster\dynablaster\x64\debug\tile.obj
c:\users\jakub\source\repos\dynablaster\dynablaster\x64\debug\stdafx.obj
c:\users\jakub\source\repos\dynablaster\dynablaster\x64\debug\scene.obj
c:\users\jakub\source\repos\dynablaster\dynablaster\x64\debug\rectangle.obj
c:\users\jakub\source\repos\dynablaster\dynablaster\x64\debug\map.obj
c:\users\jakub\source\repos\dynablaster\dynablaster\x64\debug\fire.obj
c:\users\jakub\source\repos\dynablaster\dynablaster\x64\debug\dynablaster.obj
c:\users\jakub\source\repos\dynablaster\dynablaster\x64\debug\collision.obj
c:\users\jakub\source\repos\dynablaster\dynablaster\x64\debug\cfgfile.obj
c:\users\jakub\source\repos\dynablaster\dynablaster\x64\debug\block.obj
c:\users\jakub\source\repos\dynablaster\dynablaster\x64\debug\boost.obj
c:\users\jakub\source\repos\dynablaster\dynablaster\x64\debug\bomber.obj
c:\users\jakub\source\repos\dynablaster\dynablaster\x64\debug\bomb.obj
c:\users\jakub\source\repos\dynablaster\dynablaster\x64\debug\bitmap.obj
c:\users\jakub\source\repos\dynablaster\dynablaster\x64\debug\background.obj
c:\users\jakub\source\repos\dynablaster\dynablaster\x64\debug\backbuffer.obj
c:\users\jakub\source\repos\dynablaster\x64\debug\dynablaster.exe
c:\users\jakub\source\repos\dynablaster\dynablaster\x64\debug\dynablaster.ilk
c:\users\jakub\source\repos\dynablaster\x64\debug\dynablaster.pdb
c:\users\jakub\source\repos\dynablaster\dynablaster\x64\debug\dynablaster.res
c:\users\jakub\source\repos\dynablaster\dynablaster\x64\debug\dynablaster.tlog\cl.command.1.tlog
c:\users\jakub\source\repos\dynablaster\dynablaster\x64\debug\dynablaster.tlog\cl.read.1.tlog
c:\users\jakub\source\repos\dynablaster\dynablaster\x64\debug\dynablaster.tlog\cl.write.1.tlog
c:\users\jakub\source\repos\dynablaster\dynablaster\x64\debug\dynablaster.tlog\link.command.1.tlog
c:\users\jakub\source\repos\dynablaster\dynablaster\x64\debug\dynablaster.tlog\link.read.1.tlog
c:\users\jakub\source\repos\dynablaster\dynablaster\x64\debug\dynablaster.tlog\link.write.1.tlog
c:\users\jakub\source\repos\dynablaster\dynablaster\x64\debug\dynablaster.tlog\rc.command.1.tlog
c:\users\jakub\source\repos\dynablaster\dynablaster\x64\debug\dynablaster.tlog\rc.read.1.tlog
c:\users\jakub\source\repos\dynablaster\dynablaster\x64\debug\dynablaster.tlog\rc.write.1.tlog
